RUN	myDemo2.myExample	myexample	1626179228191	 	3.6.0
USER	myExample	START	1626179229038
USER	myExample	START	1626179229038
USER	myExample	START	1626179229038
USER	myExample	START	1626179229038
USER	myExample	START	1626179229038
REQUEST		Home Page	1626179229065	1626179230009	OK	 
REQUEST		Home Page	1626179229065	1626179229971	OK	 
REQUEST		Home Page	1626179229065	1626179229993	OK	 
REQUEST		Home Page	1626179229065	1626179229978	OK	 
REQUEST		Home Page	1626179229065	1626179230009	OK	 
REQUEST		css?family=Lobster|Lobster+Two	1626179230083	1626179230205	OK	 
REQUEST		css?family=Lobster|Lobster+Two	1626179230083	1626179230204	OK	 
REQUEST		css?family=Lobster|Lobster+Two	1626179230083	1626179230205	OK	 
REQUEST		css?family=Lobster|Lobster+Two	1626179230083	1626179230205	OK	 
REQUEST		css?family=Lobster|Lobster+Two	1626179230082	1626179230207	OK	 
REQUEST		POST Start	1626179231377	1626179231596	KO	status.find.in(200,201,202,203,204,205,206,207,208,209,304), found 422
REQUEST		POST Start	1626179231915	1626179232133	KO	status.find.in(200,201,202,203,204,205,206,207,208,209,304), found 422
REQUEST		POST Start	1626179232653	1626179232871	KO	status.find.in(200,201,202,203,204,205,206,207,208,209,304), found 422
REQUEST		POST Start	1626179233063	1626179233284	KO	status.find.in(200,201,202,203,204,205,206,207,208,209,304), found 422
REQUEST		POST Start	1626179233144	1626179233363	KO	status.find.in(200,201,202,203,204,205,206,207,208,209,304), found 422
REQUEST		Post Age	1626179234600	1626179234816	KO	status.find.in(200,201,202,203,204,205,206,207,208,209,304), found 422
REQUEST		Post Largest Value	1626179234817	1626179235032	KO	status.find.in(200,201,202,203,204,205,206,207,208,209,304), found 422
REQUEST		Post Age	1626179235138	1626179235356	KO	status.find.in(200,201,202,203,204,205,206,207,208,209,304), found 422
REQUEST		Post Largest Value	1626179235357	1626179235575	KO	status.find.in(200,201,202,203,204,205,206,207,208,209,304), found 422
REQUEST		Post Age	1626179235873	1626179236087	KO	status.find.in(200,201,202,203,204,205,206,207,208,209,304), found 422
REQUEST		Post Correct Value	1626179236034	1626179236251	KO	status.find.in(200,201,202,203,204,205,206,207,208,209,304), found 422
REQUEST		Post Largest Value	1626179236090	1626179236304	KO	status.find.in(200,201,202,203,204,205,206,207,208,209,304), found 422
REQUEST		Post Age	1626179236286	1626179236503	KO	status.find.in(200,201,202,203,204,205,206,207,208,209,304), found 422
REQUEST		Post Age	1626179236365	1626179236579	KO	status.find.in(200,201,202,203,204,205,206,207,208,209,304), found 422
REQUEST		Post Largest Value	1626179236505	1626179236723	KO	status.find.in(200,201,202,203,204,205,206,207,208,209,304), found 422
REQUEST		Post Correct Value	1626179236577	1626179236795	KO	status.find.in(200,201,202,203,204,205,206,207,208,209,304), found 422
REQUEST		Post Largest Value	1626179236580	1626179236798	KO	status.find.in(200,201,202,203,204,205,206,207,208,209,304), found 422
REQUEST		Post Correct Value	1626179237306	1626179237520	KO	status.find.in(200,201,202,203,204,205,206,207,208,209,304), found 422
REQUEST		Post Correct Value	1626179237726	1626179237944	KO	status.find.in(200,201,202,203,204,205,206,207,208,209,304), found 422
REQUEST		Post Correct Value	1626179237801	1626179238018	KO	status.find.in(200,201,202,203,204,205,206,207,208,209,304), found 422
REQUEST		Post One Time Token	1626179246252	1626179246469	KO	status.find.in(200,201,202,203,204,205,206,207,208,209,304), found 422
USER	myExample	END	1626179246472
REQUEST		Post One Time Token	1626179246797	1626179247014	KO	status.find.in(200,201,202,203,204,205,206,207,208,209,304), found 422
USER	myExample	END	1626179247015
REQUEST		Post One Time Token	1626179247522	1626179247735	KO	status.find.in(200,201,202,203,204,205,206,207,208,209,304), found 422
USER	myExample	END	1626179247738
REQUEST		Post One Time Token	1626179247948	1626179248165	KO	status.find.in(200,201,202,203,204,205,206,207,208,209,304), found 422
USER	myExample	END	1626179248166
REQUEST		Post One Time Token	1626179248020	1626179248234	KO	status.find.in(200,201,202,203,204,205,206,207,208,209,304), found 422
USER	myExample	END	1626179248235
