RUN	myDemo2.myExample	myexample	1626181422507	 	3.6.0
USER	myExample	START	1626181423392
USER	myExample	START	1626181423392
USER	myExample	START	1626181423392
USER	myExample	START	1626181423392
USER	myExample	START	1626181423392
REQUEST		Home Page	1626181423421	1626181424370	OK	 
REQUEST		Home Page	1626181423421	1626181424376	OK	 
REQUEST		Home Page	1626181423420	1626181424383	OK	 
REQUEST		Home Page	1626181423420	1626181424400	OK	 
REQUEST		Home Page	1626181423421	1626181424417	OK	 
REQUEST		css?family=Lobster|Lobster+Two	1626181424464	1626181424588	OK	 
REQUEST		css?family=Lobster|Lobster+Two	1626181424464	1626181424590	OK	 
REQUEST		css?family=Lobster|Lobster+Two	1626181424464	1626181424593	OK	 
REQUEST		css?family=Lobster|Lobster+Two	1626181424465	1626181424594	OK	 
REQUEST		css?family=Lobster|Lobster+Two	1626181424465	1626181424598	OK	 
REQUEST		POST Start	1626181425806	1626181426023	KO	status.find.in(200,201,202,203,204,205,206,207,208,209,304), found 422
REQUEST		POST Start	1626181425873	1626181426087	KO	status.find.in(200,201,202,203,204,205,206,207,208,209,304), found 422
REQUEST		POST Start	1626181427392	1626181427607	KO	status.find.in(200,201,202,203,204,205,206,207,208,209,304), found 422
REQUEST		POST Start	1626181427519	1626181427736	KO	status.find.in(200,201,202,203,204,205,206,207,208,209,304), found 422
REQUEST		POST Start	1626181427527	1626181427739	KO	status.find.in(200,201,202,203,204,205,206,207,208,209,304), found 422
REQUEST		Post Age	1626181429028	1626181429244	KO	status.find.in(200,201,202,203,204,205,206,207,208,209,304), found 422
REQUEST		Post Age	1626181429090	1626181429306	KO	status.find.in(200,201,202,203,204,205,206,207,208,209,304), found 422
REQUEST		Post Largest Value	1626181429247	1626181429463	KO	status.find.in(200,201,202,203,204,205,206,207,208,209,304), found 422
REQUEST		Post Largest Value	1626181429308	1626181429523	KO	status.find.in(200,201,202,203,204,205,206,207,208,209,304), found 422
REQUEST		Post Correct Value	1626181430466	1626181430681	KO	status.find.in(200,201,202,203,204,205,206,207,208,209,304), found 422
REQUEST		Post Correct Value	1626181430525	1626181430740	KO	status.find.in(200,201,202,203,204,205,206,207,208,209,304), found 422
REQUEST		Post Age	1626181430609	1626181430823	KO	status.find.in(200,201,202,203,204,205,206,207,208,209,304), found 422
REQUEST		Post Age	1626181430742	1626181430955	KO	status.find.in(200,201,202,203,204,205,206,207,208,209,304), found 422
REQUEST		Post Age	1626181430738	1626181430956	KO	status.find.in(200,201,202,203,204,205,206,207,208,209,304), found 422
REQUEST		Post Largest Value	1626181430824	1626181431038	KO	status.find.in(200,201,202,203,204,205,206,207,208,209,304), found 422
REQUEST		Post Largest Value	1626181430956	1626181431169	KO	status.find.in(200,201,202,203,204,205,206,207,208,209,304), found 422
REQUEST		Post Largest Value	1626181430957	1626181431173	KO	status.find.in(200,201,202,203,204,205,206,207,208,209,304), found 422
REQUEST		Post Correct Value	1626181432040	1626181432256	KO	status.find.in(200,201,202,203,204,205,206,207,208,209,304), found 422
REQUEST		Post Correct Value	1626181432172	1626181432385	KO	status.find.in(200,201,202,203,204,205,206,207,208,209,304), found 422
REQUEST		Post Correct Value	1626181432175	1626181432391	KO	status.find.in(200,201,202,203,204,205,206,207,208,209,304), found 422
REQUEST		Post One Time Token	1626181440683	1626181440902	KO	status.find.in(200,201,202,203,204,205,206,207,208,209,304), found 422
USER	myExample	END	1626181440910
REQUEST		Post One Time Token	1626181440744	1626181440961	KO	status.find.in(200,201,202,203,204,205,206,207,208,209,304), found 422
USER	myExample	END	1626181440963
REQUEST		Post One Time Token	1626181442259	1626181442475	KO	status.find.in(200,201,202,203,204,205,206,207,208,209,304), found 422
USER	myExample	END	1626181442478
REQUEST		Post One Time Token	1626181442388	1626181442603	KO	status.find.in(200,201,202,203,204,205,206,207,208,209,304), found 422
USER	myExample	END	1626181442606
REQUEST		Post One Time Token	1626181442394	1626181442611	KO	status.find.in(200,201,202,203,204,205,206,207,208,209,304), found 422
USER	myExample	END	1626181442615
