RUN	myDemo2.myExample	myexample	1626181802578	 	3.6.0
USER	myExample	START	1626181803398
REQUEST		Home Page	1626181803416	1626181804319	OK	 
REQUEST		css?family=Lobster|Lobster+Two	1626181804402	1626181804530	OK	 
REQUEST		POST Start	1626181806552	1626181806774	KO	status.find.in(200,201,202,203,204,205,206,207,208,209,304), found 422
REQUEST		Post Age	1626181809779	1626181809996	KO	status.find.in(200,201,202,203,204,205,206,207,208,209,304), found 422
REQUEST		Post Largest Value	1626181809998	1626181810217	KO	status.find.in(200,201,202,203,204,205,206,207,208,209,304), found 422
REQUEST		Post Correct Value	1626181811219	1626181811437	KO	status.find.in(200,201,202,203,204,205,206,207,208,209,304), found 422
USER	myExample	START	1626181818377
REQUEST		Home Page	1626181818378	1626181819250	OK	 
REQUEST		css?family=Lobster|Lobster+Two	1626181819259	1626181819371	OK	 
REQUEST		Post One Time Token	1626181821440	1626181821659	KO	status.find.in(200,201,202,203,204,205,206,207,208,209,304), found 422
USER	myExample	END	1626181821667
REQUEST		POST Start	1626181821526	1626181821740	KO	status.find.in(200,201,202,203,204,205,206,207,208,209,304), found 422
REQUEST		Post Age	1626181824742	1626181824953	KO	status.find.in(200,201,202,203,204,205,206,207,208,209,304), found 422
REQUEST		Post Largest Value	1626181824954	1626181825166	KO	status.find.in(200,201,202,203,204,205,206,207,208,209,304), found 422
REQUEST		Post Correct Value	1626181826170	1626181826388	KO	status.find.in(200,201,202,203,204,205,206,207,208,209,304), found 422
USER	myExample	START	1626181833376
REQUEST		Home Page	1626181833377	1626181834269	OK	 
REQUEST		css?family=Lobster|Lobster+Two	1626181834276	1626181834384	OK	 
REQUEST		Post One Time Token	1626181836391	1626181836605	KO	status.find.in(200,201,202,203,204,205,206,207,208,209,304), found 422
USER	myExample	END	1626181836609
REQUEST		POST Start	1626181836453	1626181836669	KO	status.find.in(200,201,202,203,204,205,206,207,208,209,304), found 422
REQUEST		Post Age	1626181839672	1626181839889	KO	status.find.in(200,201,202,203,204,205,206,207,208,209,304), found 422
REQUEST		Post Largest Value	1626181839891	1626181840108	KO	status.find.in(200,201,202,203,204,205,206,207,208,209,304), found 422
REQUEST		Post Correct Value	1626181841111	1626181841328	KO	status.find.in(200,201,202,203,204,205,206,207,208,209,304), found 422
USER	myExample	START	1626181848376
REQUEST		Home Page	1626181848377	1626181849256	OK	 
REQUEST		css?family=Lobster|Lobster+Two	1626181849264	1626181849378	OK	 
REQUEST		Post One Time Token	1626181851332	1626181851549	KO	status.find.in(200,201,202,203,204,205,206,207,208,209,304), found 422
USER	myExample	END	1626181851553
REQUEST		POST Start	1626181852116	1626181852330	KO	status.find.in(200,201,202,203,204,205,206,207,208,209,304), found 422
REQUEST		Post Age	1626181855333	1626181855546	KO	status.find.in(200,201,202,203,204,205,206,207,208,209,304), found 422
REQUEST		Post Largest Value	1626181855547	1626181855759	KO	status.find.in(200,201,202,203,204,205,206,207,208,209,304), found 422
REQUEST		Post Correct Value	1626181856761	1626181856973	KO	status.find.in(200,201,202,203,204,205,206,207,208,209,304), found 422
REQUEST		Post One Time Token	1626181866976	1626181867189	KO	status.find.in(200,201,202,203,204,205,206,207,208,209,304), found 422
USER	myExample	END	1626181867192
